<?xml version="1.0" encoding="UTF-8"?>
<testsuite xmlns:xsi="http://www.w3.org/2001/XMLSchema-instance" xsi:schemaLocation="https://maven.apache.org/surefire/maven-surefire-plugin/xsd/surefire-test-report.xsd" name="pacote.test.TesteRotaSoap" time="0.638" tests="2" errors="0" skipped="0" failures="1">
  <properties>
    <property name="java.runtime.name" value="Java(TM) SE Runtime Environment"/>
    <property name="sun.boot.library.path" value="C:\Program Files\Java\jdk1.8.0_101\jre\bin"/>
    <property name="java.vm.version" value="25.101-b13"/>
    <property name="user.country.format" value="BR"/>
    <property name="java.vm.vendor" value="Oracle Corporation"/>
    <property name="maven.multiModuleProjectDirectory" value="C:\Users\victor.tripeno\Documents\jboss_redhat_workspaces\camel-consumes-rest"/>
    <property name="java.vendor.url" value="http://java.oracle.com/"/>
    <property name="path.separator" value=";"/>
    <property name="guice.disable.misplaced.annotation.check" value="true"/>
    <property name="java.vm.name" value="Java HotSpot(TM) 64-Bit Server VM"/>
    <property name="file.encoding.pkg" value="sun.io"/>
    <property name="user.script" value=""/>
    <property name="user.country" value="US"/>
    <property name="sun.java.launcher" value="SUN_STANDARD"/>
    <property name="sun.os.patch.level" value=""/>
    <property name="java.vm.specification.name" value="Java Virtual Machine Specification"/>
    <property name="user.dir" value="C:\Users\victor.tripeno\Documents\jboss_redhat_workspaces\camel-consumes-rest"/>
    <property name="java.runtime.version" value="1.8.0_101-b13"/>
    <property name="java.awt.graphicsenv" value="sun.awt.Win32GraphicsEnvironment"/>
    <property name="java.endorsed.dirs" value="C:\Program Files\Java\jdk1.8.0_101\jre\lib\endorsed"/>
    <property name="os.arch" value="amd64"/>
    <property name="java.io.tmpdir" value="C:\Users\VICTOR~1.TRI\AppData\Local\Temp\"/>
    <property name="line.separator" value="&#10;"/>
    <property name="java.vm.specification.vendor" value="Oracle Corporation"/>
    <property name="user.variant" value=""/>
    <property name="os.name" value="Windows 8.1"/>
    <property name="classworlds.conf" value="C:\apache-maven-3.3.9\bin\m2.conf"/>
    <property name="sun.jnu.encoding" value="Cp1252"/>
    <property name="java.library.path" value="C:\Program Files\Java\jdk1.8.0_101\bin;C:\Windows\Sun\Java\bin;C:\Windows\system32;C:\Windows;C:\Program Files\ImageMagick-7.0.3-Q16;C:\Users\victor.tripeno\Documents\apache-ant-1.9.7\bin;C:\Users\victor.tripeno\android-sdks\platform-tools;C:\Program Files\Java\jdk1.8.0_101\bin;C:\ProgramData\Oracle\Java\javapath;C:\Program Files (x86)\Intel\iCLS Client\;C:\Program Files\Intel\iCLS Client\;C:\Windows\system32;C:\Windows;C:\Windows\System32\Wbem;C:\Windows\System32\WindowsPowerShell\v1.0\;C:\Windows\CCM;C:\Program Files (x86)\Intel\Intel(R) Management Engine Components\DAL;C:\Program Files\Intel\Intel(R) Management Engine Components\DAL;C:\Program Files (x86)\Intel\Intel(R) Management Engine Components\IPT;C:\Program Files\Intel\Intel(R) Management Engine Components\IPT;C:\Program Files\Git\cmd;C:\Program Files\IBM\MobileFirst-CLI;C:\Program Files (x86)\Brackets\command;C:\Program Files\nodejs\;C:\apache-maven-3.3.9\bin;C:\Program Files\MySQL\MySQL Utilities 1.6\;C:\Users\victor.tripeno\AppData\Local\atom\bin;C:\Users\victor.tripeno\AppData\Roaming\npm;."/>
    <property name="java.specification.name" value="Java Platform API Specification"/>
    <property name="java.class.version" value="52.0"/>
    <property name="sun.management.compiler" value="HotSpot 64-Bit Tiered Compilers"/>
    <property name="os.version" value="6.3"/>
    <property name="user.home" value="C:\Users\victor.tripeno"/>
    <property name="user.timezone" value="America/Sao_Paulo"/>
    <property name="java.awt.printerjob" value="sun.awt.windows.WPrinterJob"/>
    <property name="java.specification.version" value="1.8"/>
    <property name="file.encoding" value="Cp1252"/>
    <property name="user.name" value="victor.tripeno"/>
    <property name="java.class.path" value="C:\apache-maven-3.3.9\boot\plexus-classworlds-2.5.2.jar"/>
    <property name="java.vm.specification.version" value="1.8"/>
    <property name="sun.arch.data.model" value="64"/>
    <property name="java.home" value="C:\Program Files\Java\jdk1.8.0_101\jre"/>
    <property name="sun.java.command" value="org.codehaus.plexus.classworlds.launcher.Launcher clean test"/>
    <property name="java.specification.vendor" value="Oracle Corporation"/>
    <property name="user.language" value="en"/>
    <property name="user.language.format" value="pt"/>
    <property name="awt.toolkit" value="sun.awt.windows.WToolkit"/>
    <property name="java.vm.info" value="mixed mode"/>
    <property name="java.version" value="1.8.0_101"/>
    <property name="java.ext.dirs" value="C:\Program Files\Java\jdk1.8.0_101\jre\lib\ext;C:\Windows\Sun\Java\lib\ext"/>
    <property name="sun.boot.class.path" value="C:\Program Files\Java\jdk1.8.0_101\jre\lib\resources.jar;C:\Program Files\Java\jdk1.8.0_101\jre\lib\rt.jar;C:\Program Files\Java\jdk1.8.0_101\jre\lib\sunrsasign.jar;C:\Program Files\Java\jdk1.8.0_101\jre\lib\jsse.jar;C:\Program Files\Java\jdk1.8.0_101\jre\lib\jce.jar;C:\Program Files\Java\jdk1.8.0_101\jre\lib\charsets.jar;C:\Program Files\Java\jdk1.8.0_101\jre\lib\jfr.jar;C:\Program Files\Java\jdk1.8.0_101\jre\classes"/>
    <property name="sun.stderr.encoding" value="cp850"/>
    <property name="java.vendor" value="Oracle Corporation"/>
    <property name="maven.home" value="C:\apache-maven-3.3.9"/>
    <property name="file.separator" value="\"/>
    <property name="java.vendor.url.bug" value="http://bugreport.sun.com/bugreport/"/>
    <property name="sun.cpu.endian" value="little"/>
    <property name="sun.io.unicode.encoding" value="UnicodeLittle"/>
    <property name="sun.stdout.encoding" value="cp850"/>
    <property name="sun.desktop" value="windows"/>
    <property name="sun.cpu.isalist" value="amd64"/>
  </properties>
  <testcase name="testFail" classname="pacote.test.TesteRotaSoap" time="0.387">
    <failure message="Assertion error at index 0 on mock mock://error with predicate: Simple: body contains com.sun.xml.internal.messaging.saaj.soap.ver1_1.Message1_1Impl@34b7ac2f evaluated as: com.sun.xml.internal.messaging.saaj.soap.ver1_1.Message1_1Impl@6e4784bc contains com.sun.xml.internal.messaging.saaj.soap.ver1_1.Message1_1Impl@34b7ac2f on Exchange[ID-NBALP070-54606-1490635814200-1-2]" type="java.lang.AssertionError">java.lang.AssertionError: Assertion error at index 0 on mock mock://error with predicate: Simple: body contains com.sun.xml.internal.messaging.saaj.soap.ver1_1.Message1_1Impl@34b7ac2f evaluated as: com.sun.xml.internal.messaging.saaj.soap.ver1_1.Message1_1Impl@6e4784bc contains com.sun.xml.internal.messaging.saaj.soap.ver1_1.Message1_1Impl@34b7ac2f on Exchange[ID-NBALP070-54606-1490635814200-1-2]
	at pacote.test.TesteRotaSoap.testFail(TesteRotaSoap.java:93)
</failure>
    <system-out><![CDATA[[                          main] TesteRotaSoap                  INFO  ********************************************************************************
[                          main] TesteRotaSoap                  INFO  Testing: testFail(pacote.test.TesteRotaSoap)
[                          main] TesteRotaSoap                  INFO  ********************************************************************************
[                          main] DefaultCamelContext            INFO  Apache Camel 2.17.0.redhat-630187 (CamelContext: camel-2) is starting
[                          main] DefaultManagementStrategy      INFO  JMX is disabled
[                          main] DefaultTypeConverter           INFO  Loaded 188 type converters
[                          main] DefaultCamelContext            INFO  AllowUseOriginalMessage is enabled. If access to the original message is not needed, then its recommended to turn this option off as it may improve performance.
[                          main] DefaultCamelContext            INFO  StreamCaching is not in use. If using streams then its recommended to enable stream caching. See more details at http://camel.apache.org/stream-caching.html
[                          main] DefaultCamelContext            INFO  Route: route2 started and consuming from: Endpoint[direct://start]
[                          main] DefaultCamelContext            INFO  Total 1 routes, of which 1 are started.
[                          main] DefaultCamelContext            INFO  Apache Camel 2.17.0.redhat-630187 (CamelContext: camel-2) started in 0.298 seconds
[                          main] MockEndpoint                   INFO  Asserting: Endpoint[mock://test] is satisfied
[                          main] MockEndpoint                   INFO  Asserting: Endpoint[mock://error] is satisfied
[                          main] TesteRotaSoap                  INFO  ********************************************************************************
[                          main] TesteRotaSoap                  INFO  Testing done: testFail(pacote.test.TesteRotaSoap)
[                          main] TesteRotaSoap                  INFO  Took: 0.077 seconds (77 millis)
[                          main] TesteRotaSoap                  INFO  ********************************************************************************
[                          main] DefaultCamelContext            INFO  Apache Camel 2.17.0.redhat-630187 (CamelContext: camel-2) is shutting down
[                          main] DefaultShutdownStrategy        INFO  Starting to graceful shutdown 1 routes (timeout 10 seconds)
[el-2) thread #1 - ShutdownTask] DefaultShutdownStrategy        INFO  Route: route2 shutdown complete, was consuming from: Endpoint[direct://start]
[                          main] DefaultShutdownStrategy        INFO  Graceful shutdown of 1 routes completed in 0 seconds
[                          main] DefaultCamelContext            INFO  Apache Camel 2.17.0.redhat-630187 (CamelContext: camel-2) uptime 0.379 seconds
[                          main] DefaultCamelContext            INFO  Apache Camel 2.17.0.redhat-630187 (CamelContext: camel-2) is shutdown in 0.002 seconds
]]></system-out>
  </testcase>
  <testcase name="testSuccess" classname="pacote.test.TesteRotaSoap" time="0.251"/>
</testsuite>